<?xml version="1.0" encoding="UTF-8"?>
<!-- Generated by org.testng.reporters.JUnitReportReporter -->
<testsuite hostname="DESKTOP-MJEMSGV" failures="0" tests="4" name="api.tests.UserTests2" time="20.780" errors="0" timestamp="2024-11-07T14:31:32 IST" skipped="0">
  <testcase classname="api.tests.UserTests2" name="testPostUser" time="7.091"/>
  <testcase classname="api.tests.UserTests2" name="testGetUser" time="1.358"/>
  <testcase classname="api.tests.UserTests2" name="testUpdateUserByName" time="6.100"/>
  <testcase classname="api.tests.UserTests2" name="testDeleteUserByName" time="6.231"/>
</testsuite> <!-- api.tests.UserTests2 -->
