<?xml version="1.0" encoding="UTF-8"?>
<!-- Generated by org.testng.reporters.JUnitReportReporter -->
<testsuite hostname="DESKTOP-MJEMSGV" failures="0" tests="12" name="api.tests.DDTests" time="24.668" errors="0" timestamp="2024-11-05T15:26:22 IST" skipped="0">
  <testcase classname="api.tests.DDTests" name="testPostUser" time="6.024"/>
  <testcase classname="api.tests.DDTests" name="testPostUser" time="1.338"/>
  <testcase classname="api.tests.DDTests" name="testPostUser" time="1.267"/>
  <testcase classname="api.tests.DDTests" name="testReadUser" time="1.470"/>
  <testcase classname="api.tests.DDTests" name="testReadUser" time="1.542"/>
  <testcase classname="api.tests.DDTests" name="testReadUser" time="1.422"/>
  <testcase classname="api.tests.DDTests" name="testUpdateUser" time="2.451"/>
  <testcase classname="api.tests.DDTests" name="testUpdateUser" time="2.844"/>
  <testcase classname="api.tests.DDTests" name="testUpdateUser" time="2.576"/>
  <testcase classname="api.tests.DDTests" name="testDeleteUser" time="1.228"/>
  <testcase classname="api.tests.DDTests" name="testDeleteUser" time="1.329"/>
  <testcase classname="api.tests.DDTests" name="testDeleteUser" time="1.177"/>
</testsuite> <!-- api.tests.DDTests -->
