<?xml version="1.0" encoding="UTF-8"?>
<!-- Generated by org.testng.reporters.JUnitReportReporter -->
<testsuite hostname="DESKTOP-MJEMSGV" failures="0" tests="4" name="api.tests.UserTests" time="12.289" errors="0" timestamp="2024-11-05T18:55:40 IST" skipped="0">
  <testcase classname="api.tests.UserTests" name="testPostUser" time="5.795"/>
  <testcase classname="api.tests.UserTests" name="testGetUser" time="1.307"/>
  <testcase classname="api.tests.UserTests" name="testUpdateUserByName" time="2.568"/>
  <testcase classname="api.tests.UserTests" name="testDeleteUserByName" time="2.619"/>
</testsuite> <!-- api.tests.UserTests -->
