<?xml version="1.0" encoding="UTF-8"?>
<!-- Generated by org.testng.reporters.JUnitReportReporter -->
<testsuite hostname="DESKTOP-MJEMSGV" failures="0" tests="4" name="api.tests.UserTests" time="11.810" errors="0" timestamp="2024-11-07T15:17:57 IST" skipped="0">
  <testcase classname="api.tests.UserTests" name="testPostUser" time="5.397"/>
  <testcase classname="api.tests.UserTests" name="testGetUser" time="1.300"/>
  <testcase classname="api.tests.UserTests" name="testUpdateUserByName" time="2.497"/>
  <testcase classname="api.tests.UserTests" name="testDeleteUserByName" time="2.616"/>
</testsuite> <!-- api.tests.UserTests -->
