<?xml version="1.0" encoding="UTF-8"?>
<!-- Generated by org.testng.reporters.JUnitReportReporter -->
<testsuite hostname="DESKTOP-MJEMSGV" failures="0" tests="12" name="api.tests.DDTests" time="24.111" errors="0" timestamp="2024-11-07T15:17:57 IST" skipped="0">
  <testcase classname="api.tests.DDTests" name="testPostUser" time="1.207"/>
  <testcase classname="api.tests.DDTests" name="testPostUser" time="1.295"/>
  <testcase classname="api.tests.DDTests" name="testPostUser" time="1.163"/>
  <testcase classname="api.tests.DDTests" name="testReadUser" time="1.193"/>
  <testcase classname="api.tests.DDTests" name="testReadUser" time="1.294"/>
  <testcase classname="api.tests.DDTests" name="testReadUser" time="2.234"/>
  <testcase classname="api.tests.DDTests" name="testUpdateUser" time="2.589"/>
  <testcase classname="api.tests.DDTests" name="testUpdateUser" time="6.038"/>
  <testcase classname="api.tests.DDTests" name="testUpdateUser" time="2.433"/>
  <testcase classname="api.tests.DDTests" name="testDeleteUser" time="1.295"/>
  <testcase classname="api.tests.DDTests" name="testDeleteUser" time="1.143"/>
  <testcase classname="api.tests.DDTests" name="testDeleteUser" time="2.227"/>
</testsuite> <!-- api.tests.DDTests -->
