<?xml version="1.0" encoding="UTF-8"?>
<!-- Generated by org.testng.reporters.JUnitReportReporter -->
<testsuite hostname="DESKTOP-MJEMSGV" failures="0" tests="4" name="api.tests.UserTests2" time="19.988" errors="0" timestamp="2024-11-27T11:36:15 IST" skipped="0">
  <testcase classname="api.tests.UserTests2" name="testPostUser" time="12.404"/>
  <testcase classname="api.tests.UserTests2" name="testGetUser" time="1.335"/>
  <testcase classname="api.tests.UserTests2" name="testUpdateUserByName" time="2.588"/>
  <testcase classname="api.tests.UserTests2" name="testDeleteUserByName" time="3.661"/>
</testsuite> <!-- api.tests.UserTests2 -->
